[debug] [2024-09-06T14:00:03.032Z] ----------------------------------------------------------------------
[debug] [2024-09-06T14:00:03.034Z] Command:       /Users/ryohonma/.nodenv/versions/20.14.0/bin/node /Users/ryohonma/.nodenv/versions/20.14.0/bin/firebase init
[debug] [2024-09-06T14:00:03.034Z] CLI Version:   13.13.1
[debug] [2024-09-06T14:00:03.034Z] Platform:      darwin
[debug] [2024-09-06T14:00:03.034Z] Node Version:  v20.14.0
[debug] [2024-09-06T14:00:03.034Z] Time:          Fri Sep 06 2024 23:00:03 GMT+0900 (日本標準時)
[debug] [2024-09-06T14:00:03.034Z] ----------------------------------------------------------------------
[debug] 
[debug] [2024-09-06T14:00:03.038Z] > command requires scopes: ["email","openid","https://www.googleapis.com/auth/cloudplatformprojects.readonly","https://www.googleapis.com/auth/firebase","https://www.googleapis.com/auth/cloud-platform"]
[debug] [2024-09-06T14:00:03.039Z] > authorizing via signed-in user (honma@yuapan.com)
[info] 
     ######## #### ########  ######## ########     ###     ######  ########
     ##        ##  ##     ## ##       ##     ##  ##   ##  ##       ##
     ######    ##  ########  ######   ########  #########  ######  ######
     ##        ##  ##    ##  ##       ##     ## ##     ##       ## ##
     ##       #### ##     ## ######## ########  ##     ##  ######  ########

You're about to initialize a Firebase project in this directory:

  /Users/ryohonma/luna-examination-web

[info] 
=== Project Setup
[info] 
[info] First, let's associate this project directory with a Firebase project.
[info] You can create multiple project aliases by running firebase use --add, 
[info] but for now we'll just set up a default project.
[info] 
[debug] [2024-09-06T14:00:35.788Z] >>> [apiv2][query] GET https://firebase.googleapis.com/v1beta1/projects pageSize=100
[debug] [2024-09-06T14:00:36.146Z] <<< [apiv2][status] GET https://firebase.googleapis.com/v1beta1/projects 401
[debug] [2024-09-06T14:00:36.146Z] <<< [apiv2][body] GET https://firebase.googleapis.com/v1beta1/projects [omitted]
[debug] [2024-09-06T14:00:36.146Z] HTTP Error: 401, Request had invalid authentication credentials. Expected OAuth 2 access token, login cookie or other valid authentication credential. See https://developers.google.com/identity/sign-in/web/devconsole-project.
[debug] [2024-09-06T14:00:36.250Z] FirebaseError: HTTP Error: 401, Request had invalid authentication credentials. Expected OAuth 2 access token, login cookie or other valid authentication credential. See https://developers.google.com/identity/sign-in/web/devconsole-project.
    at responseToError (/Users/ryohonma/.nodenv/versions/20.14.0/lib/node_modules/firebase-tools/lib/responseToError.js:49:12)
    at RetryOperation._fn (/Users/ryohonma/.nodenv/versions/20.14.0/lib/node_modules/firebase-tools/lib/apiv2.js:305:77)
    at process.processTicksAndRejections (node:internal/process/task_queues:95:5)
[error] 
[error] Error: Failed to list Firebase projects. See firebase-debug.log for more info.
